# JRE version: Java(TM) SE Runtime Environment (8.0_261-b12) (build 1.8.0_261-b12)
# Java VM: Java HotSpot(TM) 64-Bit Server VM (25.261-b12 mixed mode windows-amd64 compressed oops)
Heap:
 PSYoungGen      total 76288K, used 65536K [0x00000000f5580000, 0x00000000faa80000, 0x0000000100000000)
  eden space 65536K, 100% used [0x00000000f5580000,0x00000000f9580000,0x00000000f9580000)
  from space 10752K, 0% used [0x00000000fa000000,0x00000000fa000000,0x00000000faa80000)
  to   space 10752K, 50% used [0x00000000f9580000,0x00000000f9ac0018,0x00000000fa000000)
 ParOldGen       total 175104K, used 7971K [0x00000000e0000000, 0x00000000eab00000, 0x00000000f5580000)
  object space 175104K, 4% used [0x00000000e0000000,0x00000000e07c8f88,0x00000000eab00000)
 Metaspace       used 29092K, capacity 29884K, committed 29952K, reserved 1075200K
  class space    used 4136K, capacity 4348K, committed 4352K, reserved 1048576K
GC Heap History (10 events):
Event: 18.014 GC heap after
Heap after GC invocations=1 (full 0):
 PSYoungGen      total 76288K, used 5917K [0x00000000f5580000, 0x00000000faa80000, 0x0000000100000000)
  eden space 65536K, 0% used [0x00000000f5580000,0x00000000f5580000,0x00000000f9580000)
  from space 10752K, 55% used [0x00000000f9580000,0x00000000f9b47650,0x00000000fa000000)
  to   space 10752K, 0% used [0x00000000fa000000,0x00000000fa000000,0x00000000faa80000)
 ParOldGen       total 175104K, used 16K [0x00000000e0000000, 0x00000000eab00000, 0x00000000f5580000)
  object space 175104K, 0% used [0x00000000e0000000,0x00000000e0004000,0x00000000eab00000)
 Metaspace       used 7683K, capacity 7912K, committed 8064K, reserved 1056768K
  class space    used 962K, capacity 1039K, committed 1152K, reserved 1048576K
}
Event: 22.226 GC heap before
{Heap before GC invocations=2 (full 0):
 PSYoungGen      total 76288K, used 71453K [0x00000000f5580000, 0x00000000faa80000, 0x0000000100000000)
  eden space 65536K, 100% used [0x00000000f5580000,0x00000000f9580000,0x00000000f9580000)
  from space 10752K, 55% used [0x00000000f9580000,0x00000000f9b47650,0x00000000fa000000)
  to   space 10752K, 0% used [0x00000000fa000000,0x00000000fa000000,0x00000000faa80000)
 ParOldGen       total 175104K, used 16K [0x00000000e0000000, 0x00000000eab00000, 0x00000000f5580000)
  object space 175104K, 0% used [0x00000000e0000000,0x00000000e0004000,0x00000000eab00000)
 Metaspace       used 14358K, capacity 14842K, committed 14976K, reserved 1062912K
  class space    used 2016K, capacity 2167K, committed 2176K, reserved 1048576K
Event: 22.253 GC heap after
Heap after GC invocations=2 (full 0):
 PSYoungGen      total 76288K, used 9496K [0x00000000f5580000, 0x00000000faa80000, 0x0000000100000000)
  eden space 65536K, 0% used [0x00000000f5580000,0x00000000f5580000,0x00000000f9580000)
  from space 10752K, 88% used [0x00000000fa000000,0x00000000fa946388,0x00000000faa80000)
  to   space 10752K, 0% used [0x00000000f9580000,0x00000000f9580000,0x00000000fa000000)
 ParOldGen       total 175104K, used 24K [0x00000000e0000000, 0x00000000eab00000, 0x00000000f5580000)
  object space 175104K, 0% used [0x00000000e0000000,0x00000000e0006000,0x00000000eab00000)
 Metaspace       used 14358K, capacity 14842K, committed 14976K, reserved 1062912K
  class space    used 2016K, capacity 2167K, committed 2176K, reserved 1048576K
}
Event: 24.212 GC heap before
{Heap before GC invocations=3 (full 0):
 PSYoungGen      total 76288K, used 75032K [0x00000000f5580000, 0x00000000faa80000, 0x0000000100000000)
  eden space 65536K, 100% used [0x00000000f5580000,0x00000000f9580000,0x00000000f9580000)
  from space 10752K, 88% used [0x00000000fa000000,0x00000000fa946388,0x00000000faa80000)
  to   space 10752K, 0% used [0x00000000f9580000,0x00000000f9580000,0x00000000fa000000)
 ParOldGen       total 175104K, used 24K [0x00000000e0000000, 0x00000000eab00000, 0x00000000f5580000)
  object space 175104K, 0% used [0x00000000e0000000,0x00000000e0006000,0x00000000eab00000)
 Metaspace       used 19436K, capacity 20062K, committed 20224K, reserved 1067008K
  class space    used 2823K, capacity 2999K, committed 3072K, reserved 1048576K
Event: 24.228 GC heap after
Heap after GC invocations=3 (full 0):
 PSYoungGen      total 76288K, used 10725K [0x00000000f5580000, 0x00000000faa80000, 0x0000000100000000)
  eden space 65536K, 0% used [0x00000000f5580000,0x00000000f5580000,0x00000000f9580000)
  from space 10752K, 99% used [0x00000000f9580000,0x00000000f9ff9620,0x00000000fa000000)
  to   space 10752K, 0% used [0x00000000fa000000,0x00000000fa000000,0x00000000faa80000)
 ParOldGen       total 175104K, used 669K [0x00000000e0000000, 0x00000000eab00000, 0x00000000f5580000)
  object space 175104K, 0% used [0x00000000e0000000,0x00000000e00a74c8,0x00000000eab00000)
 Metaspace       used 19436K, capacity 20062K, committed 20224K, reserved 1067008K
  class space    used 2823K, capacity 2999K, committed 3072K, reserved 1048576K
}
Event: 24.931 GC heap before
{Heap before GC invocations=4 (full 0):
 PSYoungGen      total 76288K, used 29200K [0x00000000f5580000, 0x00000000faa80000, 0x0000000100000000)
  eden space 65536K, 28% used [0x00000000f5580000,0x00000000f678ab18,0x00000000f9580000)
  from space 10752K, 99% used [0x00000000f9580000,0x00000000f9ff9620,0x00000000fa000000)
  to   space 10752K, 0% used [0x00000000fa000000,0x00000000fa000000,0x00000000faa80000)
 ParOldGen       total 175104K, used 669K [0x00000000e0000000, 0x00000000eab00000, 0x00000000f5580000)
  object space 175104K, 0% used [0x00000000e0000000,0x00000000e00a74c8,0x00000000eab00000)
 Metaspace       used 20594K, capacity 21174K, committed 21296K, reserved 1067008K
  class space    used 3014K, capacity 3173K, committed 3200K, reserved 1048576K
Event: 24.941 GC heap after
Heap after GC invocations=4 (full 0):
 PSYoungGen      total 76288K, used 8155K [0x00000000f5580000, 0x00000000faa80000, 0x0000000100000000)
  eden space 65536K, 0% used [0x00000000f5580000,0x00000000f5580000,0x00000000f9580000)
  from space 10752K, 75% used [0x00000000fa000000,0x00000000fa7f6f98,0x00000000faa80000)
  to   space 10752K, 0% used [0x00000000f9580000,0x00000000f9580000,0x00000000fa000000)
 ParOldGen       total 175104K, used 677K [0x00000000e0000000, 0x00000000eab00000, 0x00000000f5580000)
  object space 175104K, 0% used [0x00000000e0000000,0x00000000e00a94c8,0x00000000eab00000)
 Metaspace       used 20594K, capacity 21174K, committed 21296K, reserved 1067008K
  class space    used 3014K, capacity 3173K, committed 3200K, reserved 1048576K
}
Event: 24.941 GC heap before
{Heap before GC invocations=5 (full 1):
 PSYoungGen      total 76288K, used 8155K [0x00000000f5580000, 0x00000000faa80000, 0x0000000100000000)
  eden space 65536K, 0% used [0x00000000f5580000,0x00000000f5580000,0x00000000f9580000)
  from space 10752K, 75% used [0x00000000fa000000,0x00000000fa7f6f98,0x00000000faa80000)
  to   space 10752K, 0% used [0x00000000f9580000,0x00000000f9580000,0x00000000fa000000)
 ParOldGen       total 175104K, used 677K [0x00000000e0000000, 0x00000000eab00000, 0x00000000f5580000)
  object space 175104K, 0% used [0x00000000e0000000,0x00000000e00a94c8,0x00000000eab00000)
 Metaspace       used 20594K, capacity 21174K, committed 21296K, reserved 1067008K
  class space    used 3014K, capacity 3173K, committed 3200K, reserved 1048576K
Event: 24.994 GC heap after
Heap after GC invocations=5 (full 1):
 PSYoungGen      total 76288K, used 0K [0x00000000f5580000, 0x00000000faa80000, 0x0000000100000000)
  eden space 65536K, 0% used [0x00000000f5580000,0x00000000f5580000,0x00000000f9580000)
  from space 10752K, 0% used [0x00000000fa000000,0x00000000fa000000,0x00000000faa80000)
  to   space 10752K, 0% used [0x00000000f9580000,0x00000000f9580000,0x00000000fa000000)
 ParOldGen       total 175104K, used 7963K [0x00000000e0000000, 0x00000000eab00000, 0x00000000f5580000)
  object space 175104K, 4% used [0x00000000e0000000,0x00000000e07c6f88,0x00000000eab00000)
 Metaspace       used 20594K, capacity 21174K, committed 21296K, reserved 1067008K
  class space    used 3014K, capacity 3173K, committed 3200K, reserved 1048576K
}
Event: 27.148 GC heap before
{Heap before GC invocations=6 (full 1):
 PSYoungGen      total 76288K, used 65536K [0x00000000f5580000, 0x00000000faa80000, 0x0000000100000000)
  eden space 65536K, 100% used [0x00000000f5580000,0x00000000f9580000,0x00000000f9580000)
  from space 10752K, 0% used [0x00000000fa000000,0x00000000fa000000,0x00000000faa80000)
  to   space 10752K, 0% used [0x00000000f9580000,0x00000000f9580000,0x00000000fa000000)
 ParOldGen       total 175104K, used 7963K [0x00000000e0000000, 0x00000000eab00000, 0x00000000f5580000)
  object space 175104K, 4% used [0x00000000e0000000,0x00000000e07c6f88,0x00000000eab00000)
 Metaspace       used 29092K, capacity 29884K, committed 29952K, reserved 1075200K
  class space    used 4136K, capacity 4348K, committed 4352K, reserved 1048576K

